This is pdfTeX, Version 3.141592653-2.6-1.40.25 (TeX Live 2023/Debian) (preloaded format=pdflatex 2025.10.3)  4 OCT 2025 11:25
entering extended mode
 restricted \write18 enabled.
 %&-line parsing enabled.
**Ling_Olympiad/25-2_SNU
(./Ling_Olympiad/25-2_SNU
LaTeX2e <2023-11-01> patch level 1
L3 programming layer <2024-01-22>
(/usr/share/texlive/texmf-dist/tex/latex/base/article.cls
Document Class: article 2023/05/17 v1.4n Standard LaTeX document class
(/usr/share/texlive/texmf-dist/tex/latex/base/size10.clo
File: size10.clo 2023/05/17 v1.4n Standard LaTeX file (size option)
)
\c@part=\count187
\c@section=\count188
\c@subsection=\count189
\c@subsubsection=\count190
\c@paragraph=\count191
\c@subparagraph=\count192
\c@figure=\count193
\c@table=\count194
\abovecaptionskip=\skip48
\belowcaptionskip=\skip49
\bibindent=\dimen140
)
(/usr/share/texlive/texmf-dist/tex/latex/cjk-ko/kotex.sty
Package: kotex 2015/04/19 v1.6 Korean TeX (ko.TeX)

(/usr/share/texlive/texmf-dist/tex/latex/kotex-utf/kotex.cfg)
(/usr/share/texlive/texmf-dist/tex/latex/kotex-utf/kotexutf.sty
Package: kotexutf 2022/06/22 v3.0.0 typesetting UTF-8 Korean documents

(/usr/share/texlive/texmf-dist/tex/latex/base/inputenc.sty
Package: inputenc 2021/02/14 v1.3d Input encoding file
\inpenc@prehook=\toks17
\inpenc@posthook=\toks18
)
(/usr/share/texlive/texmf-dist/tex/plain/kotex-plain/kotexutf-core.tex
\unih@ngulpoint=\count195
\dhucs@emph@raise=\dimen141
)
Now handling font encoding LUC ...
... processing UTF-8 mapping file for font encoding LUC

(/usr/share/texlive/texmf-dist/tex/latex/kotex-utf/lucenc.dfu
File: lucenc.dfu 2007/09/05 UTF-8 support for dhucs
   defining Unicode char U+00B7 (decimal 183)
   defining Unicode char U+2018 (decimal 8216)
   defining Unicode char U+2019 (decimal 8217)
   defining Unicode char U+201C (decimal 8220)
   defining Unicode char U+201D (decimal 8221)
   defining Unicode char U+3001 (decimal 12289)
   defining Unicode char U+3002 (decimal 12290)
   defining Unicode char U+3008 (decimal 12296)
   defining Unicode char U+3009 (decimal 12297)
   defining Unicode char U+300A (decimal 12298)
   defining Unicode char U+300B (decimal 12299)
   defining Unicode char U+300C (decimal 12300)
   defining Unicode char U+300D (decimal 12301)
   defining Unicode char U+300E (decimal 12302)
   defining Unicode char U+300F (decimal 12303)
   defining Unicode char U+3010 (decimal 12304)
   defining Unicode char U+3011 (decimal 12305)
   defining Unicode char U+3014 (decimal 12308)
   defining Unicode char U+3015 (decimal 12309)
   defining Unicode char U+3016 (decimal 12310)
   defining Unicode char U+3017 (decimal 12311)
   defining Unicode char U+3018 (decimal 12312)
   defining Unicode char U+3019 (decimal 12313)
   defining Unicode char U+301A (decimal 12314)
   defining Unicode char U+301B (decimal 12315)
   defining Unicode char U+FF01 (decimal 65281)
   defining Unicode char U+FF08 (decimal 65288)
   defining Unicode char U+FF09 (decimal 65289)
   defining Unicode char U+FF0C (decimal 65292)
   defining Unicode char U+FF0E (decimal 65294)
   defining Unicode char U+FF1A (decimal 65306)
   defining Unicode char U+FF1B (decimal 65307)
   defining Unicode char U+FF1C (decimal 65308)
   defining Unicode char U+FF1D (decimal 65309)
   defining Unicode char U+FF1E (decimal 65310)
   defining Unicode char U+FF1F (decimal 65311)
   defining Unicode char U+FF3B (decimal 65339)
   defining Unicode char U+FF3D (decimal 65341)
   defining Unicode char U+FF5B (decimal 65371)
   defining Unicode char U+FF5D (decimal 65373)
   defining Unicode char U+FF61 (decimal 65377)
   defining Unicode char U+FF62 (decimal 65378)
   defining Unicode char U+FF63 (decimal 65379)
   defining Unicode char U+FF64 (decimal 65380)
   defining Unicode char U+FF65 (decimal 65381)
)
\@josa=\count196
\josatoks=\toks19

(/usr/share/texlive/texmf-dist/tex/latex/cjk-ko/kolabels-utf.sty
Package: kolabels-utf 2015/03/20 v1.5 UTF-8 Hangul item labels
)))
(/usr/share/texlive/texmf-dist/tex/latex/lipsum/lipsum.sty
(/usr/share/texlive/texmf-dist/tex/latex/l3packages/l3keys2e/l3keys2e.sty
(/usr/share/texlive/texmf-dist/tex/latex/l3kernel/expl3.sty
Package: expl3 2024-01-22 L3 programming layer (loader) 

(/usr/share/texlive/texmf-dist/tex/latex/l3backend/l3backend-pdftex.def
File: l3backend-pdftex.def 2024-01-04 L3 backend support: PDF output (pdfTeX)
\l__color_backend_stack_int=\count197
\l__pdf_internal_box=\box51
))
Package: l3keys2e 2023-10-10 LaTeX2e option processing using LaTeX3 keys
)
Package: lipsum 2021-09-20 v2.7 150 paragraphs of Lorem Ipsum dummy text
\g__lipsum_par_int=\count198
\l__lipsum_a_int=\count199
\l__lipsum_b_int=\count266

(/usr/share/texlive/texmf-dist/tex/latex/lipsum/lipsum.ltd.tex))
(/usr/share/texlive/texmf-dist/tex/latex/booktabs/booktabs.sty
Package: booktabs 2020/01/12 v1.61803398 Publication quality tables
\heavyrulewidth=\dimen142
\lightrulewidth=\dimen143
\cmidrulewidth=\dimen144
\belowrulesep=\dimen145
\belowbottomsep=\dimen146
\aboverulesep=\dimen147
\abovetopsep=\dimen148
\cmidrulesep=\dimen149
\cmidrulekern=\dimen150
\defaultaddspace=\dimen151
\@cmidla=\count267
\@cmidlb=\count268
\@aboverulesep=\dimen152
\@belowrulesep=\dimen153
\@thisruleclass=\count269
\@lastruleclass=\count270
\@thisrulewidth=\dimen154
)
(/usr/share/texmf/tex/latex/tipa/tipa.sty
Package: tipa 2002/08/08 TIPA version 1.1

(/usr/share/texlive/texmf-dist/tex/latex/base/fontenc.sty
Package: fontenc 2021/04/29 v2.0v Standard LaTeX package

(/usr/share/texmf/tex/latex/tipa/t3enc.def
File: t3enc.def 2001/12/31 T3 encoding
Now handling font encoding T3 ...
... no UTF-8 mapping file for font encoding T3
)))
(/usr/share/texlive/texmf-dist/tex/latex/geometry/geometry.sty
Package: geometry 2020/01/02 v5.9 Page Geometry

(/usr/share/texlive/texmf-dist/tex/latex/graphics/keyval.sty
Package: keyval 2022/05/29 v1.15 key=value parser (DPC)
\KV@toks@=\toks20
)
(/usr/share/texlive/texmf-dist/tex/generic/iftex/ifvtex.sty
Package: ifvtex 2019/10/25 v1.7 ifvtex legacy package. Use iftex instead.

(/usr/share/texlive/texmf-dist/tex/generic/iftex/iftex.sty
Package: iftex 2022/02/03 v1.0f TeX engine tests
))
\Gm@cnth=\count271
\Gm@cntv=\count272
\c@Gm@tempcnt=\count273
\Gm@bindingoffset=\dimen155
\Gm@wd@mp=\dimen156
\Gm@odd@mp=\dimen157
\Gm@even@mp=\dimen158
\Gm@layoutwidth=\dimen159
\Gm@layoutheight=\dimen160
\Gm@layouthoffset=\dimen161
\Gm@layoutvoffset=\dimen162
\Gm@dimlist=\toks21
)
(/usr/share/texlive/texmf-dist/tex/latex/setspace/setspace.sty
Package: setspace 2022/12/04 v6.7b set line spacing
)
(/usr/share/texlive/texmf-dist/tex/latex/fontawesome5/fontawesome5.sty
Package: fontawesome5 2022/05/02 v5.15.4 Font Awesome 5

(/usr/share/texlive/texmf-dist/tex/latex/l3packages/xparse/xparse.sty
Package: xparse 2023-10-10 L3 Experimental document command parser
)
(/usr/share/texlive/texmf-dist/tex/latex/fontawesome5/fontawesome5-generic-help
er.sty
Package: fontawesome5-generic-helper 2022/05/02 v5.15.4 non-uTeX helper for fon
tawesome5

(/usr/share/texlive/texmf-dist/tex/latex/fontawesome5/fontawesome5-mapping.def)
)) (./25-2_SNU.aux)
\openout1 = `25-2_SNU.aux'.

LaTeX Font Info:    Checking defaults for OML/cmm/m/it on input line 18.
LaTeX Font Info:    ... okay on input line 18.
LaTeX Font Info:    Checking defaults for OMS/cmsy/m/n on input line 18.
LaTeX Font Info:    ... okay on input line 18.
LaTeX Font Info:    Checking defaults for OT1/cmr/m/n on input line 18.
LaTeX Font Info:    ... okay on input line 18.
LaTeX Font Info:    Checking defaults for T1/cmr/m/n on input line 18.
LaTeX Font Info:    ... okay on input line 18.
LaTeX Font Info:    Checking defaults for TS1/cmr/m/n on input line 18.
LaTeX Font Info:    ... okay on input line 18.
LaTeX Font Info:    Checking defaults for OMX/cmex/m/n on input line 18.
LaTeX Font Info:    ... okay on input line 18.
LaTeX Font Info:    Checking defaults for U/cmr/m/n on input line 18.
LaTeX Font Info:    ... okay on input line 18.
LaTeX Font Info:    Checking defaults for LUC/nanummj/m/n on input line 18.
LaTeX Font Info:    Trying to load font information for LUC+nanummj on input li
ne 18.

(/usr/share/texlive/texmf-dist/tex/latex/nanumtype1/lucnanummj.fd
File: lucnanummj.fd 2013/02/12 v0.1 Nanum Myeongjo font definitions
)
LaTeX Font Info:    ... okay on input line 18.
LaTeX Font Info:    Checking defaults for T3/cmr/m/n on input line 18.
LaTeX Font Info:    Trying to load font information for T3+cmr on input line 18
.

(/usr/share/texmf/tex/latex/tipa/t3cmr.fd
File: t3cmr.fd 2001/12/31 TIPA font definitions
)
LaTeX Font Info:    ... okay on input line 18.

*geometry* driver: auto-detecting
*geometry* detected driver: pdftex
*geometry* verbose mode - [ preamble ] result:
* driver: pdftex
* paper: <default>
* layout: <same size as paper>
* layoutoffset:(h,v)=(0.0pt,0.0pt)
* modes: 
* h-part:(L,W,R)=(56.9055pt, 500.484pt, 56.9055pt)
* v-part:(T,H,B)=(56.9055pt, 681.15898pt, 56.9055pt)
* \paperwidth=614.295pt
* \paperheight=794.96999pt
* \textwidth=500.484pt
* \textheight=681.15898pt
* \oddsidemargin=-15.36449pt
* \evensidemargin=-15.36449pt
* \topmargin=-52.36449pt
* \headheight=12.0pt
* \headsep=25.0pt
* \topskip=10.0pt
* \footskip=30.0pt
* \marginparwidth=65.0pt
* \marginparsep=11.0pt
* \columnsep=10.0pt
* \skip\footins=9.0pt plus 4.0pt minus 2.0pt
* \hoffset=0.0pt
* \voffset=0.0pt
* \mag=1000
* \@twocolumnfalse
* \@twosidefalse
* \@mparswitchfalse
* \@reversemarginfalse
* (1in=72.27pt=25.4mm, 1cm=28.453pt)

LaTeX Font Info:    External font `cmex10' loaded for size
(Font)              <12> on input line 19.
LaTeX Font Info:    External font `cmex10' loaded for size
(Font)              <8> on input line 19.
LaTeX Font Info:    External font `cmex10' loaded for size
(Font)              <6> on input line 19.

Underfull \hbox (badness 10000) in paragraph at lines 23--25

 []

LaTeX Font Info:    External font `cmex10' loaded for size
(Font)              <14.4> on input line 26.
LaTeX Font Info:    External font `cmex10' loaded for size
(Font)              <7> on input line 26.

Underfull \hbox (badness 10000) in paragraph at lines 42--43

 []

LaTeX Font Info:    Trying to load font information for LUC+uhcmj on input line
 48.
(/usr/share/texlive/texmf-dist/tex/latex/kotex-utf/lucuhcmj.fd
File: lucuhcmj.fd 2013/09/26 UHC Myeongjo font definitions
)
Underfull \hbox (badness 10000) in paragraph at lines 53--54

 []

[1

{/var/lib/texmf/fonts/map/pdftex/updmap/pdftex.map}]
LaTeX Font Info:    Trying to load font information for U+fontawesomefree1 on i
nput line 56.

(/usr/share/texlive/texmf-dist/tex/latex/fontawesome5/ufontawesomefree1.fd)
Overfull \hbox (17.14725pt too wide) in paragraph at lines 86--97
 [][] 
 []

[2{/usr/share/texlive/texmf-dist/fonts/enc/dvips/fontawesome5/fa5free1.enc}]
Underfull \hbox (badness 10000) in paragraph at lines 122--123

 []


Underfull \hbox (badness 10000) in alignment at lines 144--147
[][][][][]
 []


Underfull \hbox (badness 10000) in paragraph at lines 142--148

 []

[3]
LaTeX Font Info:    Trying to load font information for OMS+cmr on input line 1
89.
 (/usr/share/texlive/texmf-dist/tex/latex/base/omscmr.fd
File: omscmr.fd 2023/04/13 v2.5m Standard LaTeX font definitions
)
LaTeX Font Info:    Font shape `OMS/cmr/m/n' in size <14.4> not available
(Font)              Font shape `OMS/cmsy/m/n' tried instead on input line 189.
 [4] [5]
(./25-2_SNU.aux)
 ***********
LaTeX2e <2023-11-01> patch level 1
L3 programming layer <2024-01-22>
 ***********
 ) 
Here is how much of TeX's memory you used:
 6389 strings out of 475662
 122173 string characters out of 5784442
 1931975 words of memory out of 5000000
 28436 multiletter control sequences out of 15000+600000
 590365 words of font info for 143 fonts, out of 8000000 for 9000
 264 hyphenation exceptions out of 8191
 79i,9n,93p,413b,487s stack positions out of 10000i,1000n,20000p,200000b,200000s
</usr/share/texlive/texmf-dist/fonts/type1/public/fontawesome5/FontAwesome5Fr
ee-Solid.pfb></usr/share/texlive/texmf-dist/fonts/type1/public/amsfonts/cm/cmbx
12.pfb></usr/share/texlive/texmf-dist/fonts/type1/public/amsfonts/cm/cmr10.pfb>
</usr/share/texlive/texmf-dist/fonts/type1/public/amsfonts/cm/cmr12.pfb></usr/s
hare/texlive/texmf-dist/fonts/type1/public/amsfonts/cm/cmr17.pfb></usr/share/te
xlive/texmf-dist/fonts/type1/public/amsfonts/cm/cmsy10.pfb></usr/share/texlive/
texmf-dist/fonts/type1/public/nanumtype1/nanummjbac.pfb></usr/share/texlive/tex
mf-dist/fonts/type1/public/nanumtype1/nanummjbad.pfb></usr/share/texlive/texmf-
dist/fonts/type1/public/nanumtype1/nanummjbae.pfb></usr/share/texlive/texmf-dis
t/fonts/type1/public/nanumtype1/nanummjbb0.pfb></usr/share/texlive/texmf-dist/f
onts/type1/public/nanumtype1/nanummjbb2.pfb></usr/share/texlive/texmf-dist/font
s/type1/public/nanumtype1/nanummjbb3.pfb></usr/share/texlive/texmf-dist/fonts/t
ype1/public/nanumtype1/nanummjbb4.pfb></usr/share/texlive/texmf-dist/fonts/type
1/public/nanumtype1/nanummjbb7.pfb></usr/share/texlive/texmf-dist/fonts/type1/p
ublic/nanumtype1/nanummjbb8.pfb></usr/share/texlive/texmf-dist/fonts/type1/publ
ic/nanumtype1/nanummjbb9.pfb></usr/share/texlive/texmf-dist/fonts/type1/public/
nanumtype1/nanummjbbb.pfb></usr/share/texlive/texmf-dist/fonts/type1/public/nan
umtype1/nanummjbbc.pfb></usr/share/texlive/texmf-dist/fonts/type1/public/nanumt
ype1/nanummjbbe.pfb></usr/share/texlive/texmf-dist/fonts/type1/public/nanumtype
1/nanummjbc1.pfb></usr/share/texlive/texmf-dist/fonts/type1/public/nanumtype1/n
anummjbc2.pfb></usr/share/texlive/texmf-dist/fonts/type1/public/nanumtype1/nanu
mmjbc5.pfb></usr/share/texlive/texmf-dist/fonts/type1/public/nanumtype1/nanummj
bc6.pfb></usr/share/texlive/texmf-dist/fonts/type1/public/nanumtype1/nanummjbc7
.pfb></usr/share/texlive/texmf-dist/fonts/type1/public/nanumtype1/nanummjbc8.pf
b></usr/share/texlive/texmf-dist/fonts/type1/public/nanumtype1/nanummjbc9.pfb><
/usr/share/texlive/texmf-dist/fonts/type1/public/nanumtype1/nanummjbd2.pfb></us
r/share/texlive/texmf-dist/fonts/type1/public/nanumtype1/nanummjbd3.pfb></usr/s
hare/texlive/texmf-dist/fonts/type1/public/nanumtype1/nanummjbd5.pfb></usr/shar
e/texlive/texmf-dist/fonts/type1/public/nanumtype1/nanummjbd6.pfb></usr/share/t
exlive/texmf-dist/fonts/type1/public/nanumtype1/nanummjmac.pfb></usr/share/texl
ive/texmf-dist/fonts/type1/public/nanumtype1/nanummjmad.pfb></usr/share/texlive
/texmf-dist/fonts/type1/public/nanumtype1/nanummjmae.pfb></usr/share/texlive/te
xmf-dist/fonts/type1/public/nanumtype1/nanummjmb0.pfb></usr/share/texlive/texmf
-dist/fonts/type1/public/nanumtype1/nanummjmb1.pfb></usr/share/texlive/texmf-di
st/fonts/type1/public/nanumtype1/nanummjmb2.pfb></usr/share/texlive/texmf-dist/
fonts/type1/public/nanumtype1/nanummjmb3.pfb></usr/share/texlive/texmf-dist/fon
ts/type1/public/nanumtype1/nanummjmb4.pfb></usr/share/texlive/texmf-dist/fonts/
type1/public/nanumtype1/nanummjmb7.pfb></usr/share/texlive/texmf-dist/fonts/typ
e1/public/nanumtype1/nanummjmb8.pfb></usr/share/texlive/texmf-dist/fonts/type1/
public/nanumtype1/nanummjmb9.pfb></usr/share/texlive/texmf-dist/fonts/type1/pub
lic/nanumtype1/nanummjmba.pfb></usr/share/texlive/texmf-dist/fonts/type1/public
/nanumtype1/nanummjmbb.pfb></usr/share/texlive/texmf-dist/fonts/type1/public/na
numtype1/nanummjmbc.pfb></usr/share/texlive/texmf-dist/fonts/type1/public/nanum
type1/nanummjmbe.pfb></usr/share/texlive/texmf-dist/fonts/type1/public/nanumtyp
e1/nanummjmc0.pfb></usr/share/texlive/texmf-dist/fonts/type1/public/nanumtype1/
nanummjmc1.pfb></usr/share/texlive/texmf-dist/fonts/type1/public/nanumtype1/nan
ummjmc2.pfb></usr/share/texlive/texmf-dist/fonts/type1/public/nanumtype1/nanumm
jmc3.pfb></usr/share/texlive/texmf-dist/fonts/type1/public/nanumtype1/nanummjmc
4.pfb></usr/share/texlive/texmf-dist/fonts/type1/public/nanumtype1/nanummjmc5.p
fb></usr/share/texlive/texmf-dist/fonts/type1/public/nanumtype1/nanummjmc6.pfb>
</usr/share/texlive/texmf-dist/fonts/type1/public/nanumtype1/nanummjmc7.pfb></u
sr/share/texlive/texmf-dist/fonts/type1/public/nanumtype1/nanummjmc8.pfb></usr/
share/texlive/texmf-dist/fonts/type1/public/nanumtype1/nanummjmc9.pfb></usr/sha
re/texlive/texmf-dist/fonts/type1/public/nanumtype1/nanummjmcc.pfb></usr/share/
texlive/texmf-dist/fonts/type1/public/nanumtype1/nanummjmcd.pfb></usr/share/tex
live/texmf-dist/fonts/type1/public/nanumtype1/nanummjmce.pfb></usr/share/texliv
e/texmf-dist/fonts/type1/public/nanumtype1/nanummjmcf.pfb></usr/share/texlive/t
exmf-dist/fonts/type1/public/nanumtype1/nanummjmd0.pfb></usr/share/texlive/texm
f-dist/fonts/type1/public/nanumtype1/nanummjmd1.pfb></usr/share/texlive/texmf-d
ist/fonts/type1/public/nanumtype1/nanummjmd2.pfb></usr/share/texlive/texmf-dist
/fonts/type1/public/nanumtype1/nanummjmd3.pfb></usr/share/texlive/texmf-dist/fo
nts/type1/public/nanumtype1/nanummjmd4.pfb></usr/share/texlive/texmf-dist/fonts
/type1/public/nanumtype1/nanummjmd5.pfb></usr/share/texlive/texmf-dist/fonts/ty
pe1/public/nanumtype1/nanummjmd6.pfb></usr/share/texlive/texmf-dist/fonts/type1
/public/nanumtype1/nanummjmd7.pfb></usr/share/texmf/fonts/type1/fkr/tipa/tipa12
.pfb></usr/share/texmf/fonts/type1/fkr/tipa/tipabx12.pfb></usr/share/texlive/te
xmf-dist/fonts/type1/uhc/umj/umj02.pfb>
Output written on 25-2_SNU.pdf (5 pages, 2569542 bytes).
PDF statistics:
 373 PDF objects out of 1000 (max. 8388607)
 223 compressed objects within 3 object streams
 0 named destinations out of 1000 (max. 500000)
 1 words of extra memory for PDF output out of 10000 (max. 10000000)

